<?xml version="1.0" encoding="UTF-8"?>
<testsuite xmlns:xsi="http://www.w3.org/2001/XMLSchema-instance" xsi:noNamespaceSchemaLocation="https://maven.apache.org/surefire/maven-surefire-plugin/xsd/surefire-test-report-3.0.xsd" version="3.0" name="com.imechanic.backend.project.IMechanicProjectBackendApplicationTests" time="16.73" tests="1" errors="0" skipped="0" failures="0">
  <properties>
    <property name="java.specification.version" value="21"/>
    <property name="sun.cpu.isalist" value="amd64"/>
    <property name="sun.jnu.encoding" value="Cp1252"/>
    <property name="java.class.path" value="C:\workspace\iMechanic-Project\iMechanic-project-backend\target\test-classes;C:\workspace\iMechanic-Project\iMechanic-project-backend\target\classes;C:\Users\LUIS\.m2\repository\org\springframework\boot\spring-boot-starter-data-jpa\3.2.5\spring-boot-starter-data-jpa-3.2.5.jar;C:\Users\LUIS\.m2\repository\org\springframework\boot\spring-boot-starter-aop\3.2.5\spring-boot-starter-aop-3.2.5.jar;C:\Users\LUIS\.m2\repository\org\aspectj\aspectjweaver\1.9.22\aspectjweaver-1.9.22.jar;C:\Users\LUIS\.m2\repository\org\springframework\boot\spring-boot-starter-jdbc\3.2.5\spring-boot-starter-jdbc-3.2.5.jar;C:\Users\LUIS\.m2\repository\com\zaxxer\HikariCP\5.0.1\HikariCP-5.0.1.jar;C:\Users\LUIS\.m2\repository\org\springframework\spring-jdbc\6.1.6\spring-jdbc-6.1.6.jar;C:\Users\LUIS\.m2\repository\org\hibernate\orm\hibernate-core\6.4.4.Final\hibernate-core-6.4.4.Final.jar;C:\Users\LUIS\.m2\repository\jakarta\persistence\jakarta.persistence-api\3.1.0\jakarta.persistence-api-3.1.0.jar;C:\Users\LUIS\.m2\repository\jakarta\transaction\jakarta.transaction-api\2.0.1\jakarta.transaction-api-2.0.1.jar;C:\Users\LUIS\.m2\repository\org\jboss\logging\jboss-logging\3.5.3.Final\jboss-logging-3.5.3.Final.jar;C:\Users\LUIS\.m2\repository\org\hibernate\common\hibernate-commons-annotations\6.0.6.Final\hibernate-commons-annotations-6.0.6.Final.jar;C:\Users\LUIS\.m2\repository\io\smallrye\jandex\3.1.2\jandex-3.1.2.jar;C:\Users\LUIS\.m2\repository\com\fasterxml\classmate\1.6.0\classmate-1.6.0.jar;C:\Users\LUIS\.m2\repository\net\bytebuddy\byte-buddy\1.14.13\byte-buddy-1.14.13.jar;C:\Users\LUIS\.m2\repository\org\glassfish\jaxb\jaxb-runtime\4.0.5\jaxb-runtime-4.0.5.jar;C:\Users\LUIS\.m2\repository\org\glassfish\jaxb\jaxb-core\4.0.5\jaxb-core-4.0.5.jar;C:\Users\LUIS\.m2\repository\org\glassfish\jaxb\txw2\4.0.5\txw2-4.0.5.jar;C:\Users\LUIS\.m2\repository\com\sun\istack\istack-commons-runtime\4.1.2\istack-commons-runtime-4.1.2.jar;C:\Users\LUIS\.m2\repository\jakarta\inject\jakarta.inject-api\2.0.1\jakarta.inject-api-2.0.1.jar;C:\Users\LUIS\.m2\repository\org\antlr\antlr4-runtime\4.13.0\antlr4-runtime-4.13.0.jar;C:\Users\LUIS\.m2\repository\org\springframework\data\spring-data-jpa\3.2.5\spring-data-jpa-3.2.5.jar;C:\Users\LUIS\.m2\repository\org\springframework\data\spring-data-commons\3.2.5\spring-data-commons-3.2.5.jar;C:\Users\LUIS\.m2\repository\org\springframework\spring-orm\6.1.6\spring-orm-6.1.6.jar;C:\Users\LUIS\.m2\repository\org\springframework\spring-context\6.1.6\spring-context-6.1.6.jar;C:\Users\LUIS\.m2\repository\org\springframework\spring-tx\6.1.6\spring-tx-6.1.6.jar;C:\Users\LUIS\.m2\repository\org\springframework\spring-beans\6.1.6\spring-beans-6.1.6.jar;C:\Users\LUIS\.m2\repository\jakarta\annotation\jakarta.annotation-api\2.1.1\jakarta.annotation-api-2.1.1.jar;C:\Users\LUIS\.m2\repository\org\slf4j\slf4j-api\2.0.13\slf4j-api-2.0.13.jar;C:\Users\LUIS\.m2\repository\org\springframework\spring-aspects\6.1.6\spring-aspects-6.1.6.jar;C:\Users\LUIS\.m2\repository\org\springframework\boot\spring-boot-starter-security\3.2.5\spring-boot-starter-security-3.2.5.jar;C:\Users\LUIS\.m2\repository\org\springframework\boot\spring-boot-starter\3.2.5\spring-boot-starter-3.2.5.jar;C:\Users\LUIS\.m2\repository\org\springframework\boot\spring-boot\3.2.5\spring-boot-3.2.5.jar;C:\Users\LUIS\.m2\repository\org\springframework\boot\spring-boot-autoconfigure\3.2.5\spring-boot-autoconfigure-3.2.5.jar;C:\Users\LUIS\.m2\repository\org\springframework\boot\spring-boot-starter-logging\3.2.5\spring-boot-starter-logging-3.2.5.jar;C:\Users\LUIS\.m2\repository\ch\qos\logback\logback-classic\1.4.14\logback-classic-1.4.14.jar;C:\Users\LUIS\.m2\repository\ch\qos\logback\logback-core\1.4.14\logback-core-1.4.14.jar;C:\Users\LUIS\.m2\repository\org\apache\logging\log4j\log4j-to-slf4j\2.21.1\log4j-to-slf4j-2.21.1.jar;C:\Users\LUIS\.m2\repository\org\apache\logging\log4j\log4j-api\2.21.1\log4j-api-2.21.1.jar;C:\Users\LUIS\.m2\repository\org\slf4j\jul-to-slf4j\2.0.13\jul-to-slf4j-2.0.13.jar;C:\Users\LUIS\.m2\repository\org\yaml\snakeyaml\2.2\snakeyaml-2.2.jar;C:\Users\LUIS\.m2\repository\org\springframework\spring-aop\6.1.6\spring-aop-6.1.6.jar;C:\Users\LUIS\.m2\repository\org\springframework\security\spring-security-config\6.2.4\spring-security-config-6.2.4.jar;C:\Users\LUIS\.m2\repository\org\springframework\security\spring-security-web\6.2.4\spring-security-web-6.2.4.jar;C:\Users\LUIS\.m2\repository\org\springframework\spring-expression\6.1.6\spring-expression-6.1.6.jar;C:\Users\LUIS\.m2\repository\org\springframework\boot\spring-boot-starter-validation\3.2.5\spring-boot-starter-validation-3.2.5.jar;C:\Users\LUIS\.m2\repository\org\apache\tomcat\embed\tomcat-embed-el\10.1.20\tomcat-embed-el-10.1.20.jar;C:\Users\LUIS\.m2\repository\org\hibernate\validator\hibernate-validator\8.0.1.Final\hibernate-validator-8.0.1.Final.jar;C:\Users\LUIS\.m2\repository\jakarta\validation\jakarta.validation-api\3.0.2\jakarta.validation-api-3.0.2.jar;C:\Users\LUIS\.m2\repository\org\springframework\boot\spring-boot-starter-web\3.2.5\spring-boot-starter-web-3.2.5.jar;C:\Users\LUIS\.m2\repository\org\springframework\boot\spring-boot-starter-json\3.2.5\spring-boot-starter-json-3.2.5.jar;C:\Users\LUIS\.m2\repository\com\fasterxml\jackson\datatype\jackson-datatype-jdk8\2.15.4\jackson-datatype-jdk8-2.15.4.jar;C:\Users\LUIS\.m2\repository\com\fasterxml\jackson\datatype\jackson-datatype-jsr310\2.15.4\jackson-datatype-jsr310-2.15.4.jar;C:\Users\LUIS\.m2\repository\com\fasterxml\jackson\module\jackson-module-parameter-names\2.15.4\jackson-module-parameter-names-2.15.4.jar;C:\Users\LUIS\.m2\repository\org\springframework\boot\spring-boot-starter-tomcat\3.2.5\spring-boot-starter-tomcat-3.2.5.jar;C:\Users\LUIS\.m2\repository\org\apache\tomcat\embed\tomcat-embed-core\10.1.20\tomcat-embed-core-10.1.20.jar;C:\Users\LUIS\.m2\repository\org\apache\tomcat\embed\tomcat-embed-websocket\10.1.20\tomcat-embed-websocket-10.1.20.jar;C:\Users\LUIS\.m2\repository\org\springframework\spring-web\6.1.6\spring-web-6.1.6.jar;C:\Users\LUIS\.m2\repository\io\micrometer\micrometer-observation\1.12.5\micrometer-observation-1.12.5.jar;C:\Users\LUIS\.m2\repository\io\micrometer\micrometer-commons\1.12.5\micrometer-commons-1.12.5.jar;C:\Users\LUIS\.m2\repository\org\springframework\spring-webmvc\6.1.6\spring-webmvc-6.1.6.jar;C:\Users\LUIS\.m2\repository\org\springframework\boot\spring-boot-starter-websocket\3.2.5\spring-boot-starter-websocket-3.2.5.jar;C:\Users\LUIS\.m2\repository\org\springframework\spring-messaging\6.1.6\spring-messaging-6.1.6.jar;C:\Users\LUIS\.m2\repository\org\springframework\spring-websocket\6.1.6\spring-websocket-6.1.6.jar;C:\Users\LUIS\.m2\repository\org\postgresql\postgresql\42.6.2\postgresql-42.6.2.jar;C:\Users\LUIS\.m2\repository\org\checkerframework\checker-qual\3.31.0\checker-qual-3.31.0.jar;C:\Users\LUIS\.m2\repository\org\projectlombok\lombok\1.18.32\lombok-1.18.32.jar;C:\Users\LUIS\.m2\repository\org\springframework\boot\spring-boot-starter-test\3.2.5\spring-boot-starter-test-3.2.5.jar;C:\Users\LUIS\.m2\repository\org\springframework\boot\spring-boot-test\3.2.5\spring-boot-test-3.2.5.jar;C:\Users\LUIS\.m2\repository\org\springframework\boot\spring-boot-test-autoconfigure\3.2.5\spring-boot-test-autoconfigure-3.2.5.jar;C:\Users\LUIS\.m2\repository\com\jayway\jsonpath\json-path\2.9.0\json-path-2.9.0.jar;C:\Users\LUIS\.m2\repository\jakarta\xml\bind\jakarta.xml.bind-api\4.0.2\jakarta.xml.bind-api-4.0.2.jar;C:\Users\LUIS\.m2\repository\jakarta\activation\jakarta.activation-api\2.1.3\jakarta.activation-api-2.1.3.jar;C:\Users\LUIS\.m2\repository\net\minidev\json-smart\2.5.1\json-smart-2.5.1.jar;C:\Users\LUIS\.m2\repository\net\minidev\accessors-smart\2.5.1\accessors-smart-2.5.1.jar;C:\Users\LUIS\.m2\repository\org\ow2\asm\asm\9.6\asm-9.6.jar;C:\Users\LUIS\.m2\repository\org\assertj\assertj-core\3.24.2\assertj-core-3.24.2.jar;C:\Users\LUIS\.m2\repository\org\awaitility\awaitility\4.2.1\awaitility-4.2.1.jar;C:\Users\LUIS\.m2\repository\org\hamcrest\hamcrest\2.2\hamcrest-2.2.jar;C:\Users\LUIS\.m2\repository\org\junit\jupiter\junit-jupiter\5.10.2\junit-jupiter-5.10.2.jar;C:\Users\LUIS\.m2\repository\org\junit\jupiter\junit-jupiter-api\5.10.2\junit-jupiter-api-5.10.2.jar;C:\Users\LUIS\.m2\repository\org\opentest4j\opentest4j\1.3.0\opentest4j-1.3.0.jar;C:\Users\LUIS\.m2\repository\org\junit\platform\junit-platform-commons\1.10.2\junit-platform-commons-1.10.2.jar;C:\Users\LUIS\.m2\repository\org\apiguardian\apiguardian-api\1.1.2\apiguardian-api-1.1.2.jar;C:\Users\LUIS\.m2\repository\org\junit\jupiter\junit-jupiter-params\5.10.2\junit-jupiter-params-5.10.2.jar;C:\Users\LUIS\.m2\repository\org\junit\jupiter\junit-jupiter-engine\5.10.2\junit-jupiter-engine-5.10.2.jar;C:\Users\LUIS\.m2\repository\org\junit\platform\junit-platform-engine\1.10.2\junit-platform-engine-1.10.2.jar;C:\Users\LUIS\.m2\repository\org\mockito\mockito-core\5.7.0\mockito-core-5.7.0.jar;C:\Users\LUIS\.m2\repository\net\bytebuddy\byte-buddy-agent\1.14.13\byte-buddy-agent-1.14.13.jar;C:\Users\LUIS\.m2\repository\org\objenesis\objenesis\3.3\objenesis-3.3.jar;C:\Users\LUIS\.m2\repository\org\mockito\mockito-junit-jupiter\5.7.0\mockito-junit-jupiter-5.7.0.jar;C:\Users\LUIS\.m2\repository\org\skyscreamer\jsonassert\1.5.1\jsonassert-1.5.1.jar;C:\Users\LUIS\.m2\repository\com\vaadin\external\google\android-json\0.0.20131108.vaadin1\android-json-0.0.20131108.vaadin1.jar;C:\Users\LUIS\.m2\repository\org\springframework\spring-core\6.1.6\spring-core-6.1.6.jar;C:\Users\LUIS\.m2\repository\org\springframework\spring-jcl\6.1.6\spring-jcl-6.1.6.jar;C:\Users\LUIS\.m2\repository\org\springframework\spring-test\6.1.6\spring-test-6.1.6.jar;C:\Users\LUIS\.m2\repository\org\xmlunit\xmlunit-core\2.9.1\xmlunit-core-2.9.1.jar;C:\Users\LUIS\.m2\repository\org\springframework\security\spring-security-test\6.2.4\spring-security-test-6.2.4.jar;C:\Users\LUIS\.m2\repository\org\springframework\security\spring-security-core\6.2.4\spring-security-core-6.2.4.jar;C:\Users\LUIS\.m2\repository\org\springframework\security\spring-security-crypto\6.2.4\spring-security-crypto-6.2.4.jar;C:\Users\LUIS\.m2\repository\org\springframework\boot\spring-boot-starter-mail\3.1.5\spring-boot-starter-mail-3.1.5.jar;C:\Users\LUIS\.m2\repository\org\springframework\spring-context-support\6.1.6\spring-context-support-6.1.6.jar;C:\Users\LUIS\.m2\repository\org\eclipse\angus\jakarta.mail\2.0.3\jakarta.mail-2.0.3.jar;C:\Users\LUIS\.m2\repository\org\eclipse\angus\angus-activation\2.0.2\angus-activation-2.0.2.jar;C:\Users\LUIS\.m2\repository\com\auth0\java-jwt\4.4.0\java-jwt-4.4.0.jar;C:\Users\LUIS\.m2\repository\com\fasterxml\jackson\core\jackson-databind\2.15.4\jackson-databind-2.15.4.jar;C:\Users\LUIS\.m2\repository\com\fasterxml\jackson\core\jackson-annotations\2.15.4\jackson-annotations-2.15.4.jar;C:\Users\LUIS\.m2\repository\com\fasterxml\jackson\core\jackson-core\2.15.4\jackson-core-2.15.4.jar;"/>
    <property name="java.vm.vendor" value="Oracle Corporation"/>
    <property name="sun.arch.data.model" value="64"/>
    <property name="user.variant" value=""/>
    <property name="java.vendor.url" value="https://java.oracle.com/"/>
    <property name="user.timezone" value="America/Lima"/>
    <property name="org.jboss.logging.provider" value="slf4j"/>
    <property name="os.name" value="Windows 10"/>
    <property name="java.vm.specification.version" value="21"/>
    <property name="sun.java.launcher" value="SUN_STANDARD"/>
    <property name="user.country" value="PE"/>
    <property name="sun.boot.library.path" value="C:\jdk\bin"/>
    <property name="sun.java.command" value="C:\Users\LUIS\AppData\Local\Temp\surefire18058330807323504517\surefirebooter-20240506170152378_3.jar C:\Users\LUIS\AppData\Local\Temp\surefire18058330807323504517 2024-05-06T17-01-52_175-jvmRun1 surefire-20240506170152378_1tmp surefire_0-20240506170152378_2tmp"/>
    <property name="jdk.debug" value="release"/>
    <property name="surefire.test.class.path" value="C:\workspace\iMechanic-Project\iMechanic-project-backend\target\test-classes;C:\workspace\iMechanic-Project\iMechanic-project-backend\target\classes;C:\Users\LUIS\.m2\repository\org\springframework\boot\spring-boot-starter-data-jpa\3.2.5\spring-boot-starter-data-jpa-3.2.5.jar;C:\Users\LUIS\.m2\repository\org\springframework\boot\spring-boot-starter-aop\3.2.5\spring-boot-starter-aop-3.2.5.jar;C:\Users\LUIS\.m2\repository\org\aspectj\aspectjweaver\1.9.22\aspectjweaver-1.9.22.jar;C:\Users\LUIS\.m2\repository\org\springframework\boot\spring-boot-starter-jdbc\3.2.5\spring-boot-starter-jdbc-3.2.5.jar;C:\Users\LUIS\.m2\repository\com\zaxxer\HikariCP\5.0.1\HikariCP-5.0.1.jar;C:\Users\LUIS\.m2\repository\org\springframework\spring-jdbc\6.1.6\spring-jdbc-6.1.6.jar;C:\Users\LUIS\.m2\repository\org\hibernate\orm\hibernate-core\6.4.4.Final\hibernate-core-6.4.4.Final.jar;C:\Users\LUIS\.m2\repository\jakarta\persistence\jakarta.persistence-api\3.1.0\jakarta.persistence-api-3.1.0.jar;C:\Users\LUIS\.m2\repository\jakarta\transaction\jakarta.transaction-api\2.0.1\jakarta.transaction-api-2.0.1.jar;C:\Users\LUIS\.m2\repository\org\jboss\logging\jboss-logging\3.5.3.Final\jboss-logging-3.5.3.Final.jar;C:\Users\LUIS\.m2\repository\org\hibernate\common\hibernate-commons-annotations\6.0.6.Final\hibernate-commons-annotations-6.0.6.Final.jar;C:\Users\LUIS\.m2\repository\io\smallrye\jandex\3.1.2\jandex-3.1.2.jar;C:\Users\LUIS\.m2\repository\com\fasterxml\classmate\1.6.0\classmate-1.6.0.jar;C:\Users\LUIS\.m2\repository\net\bytebuddy\byte-buddy\1.14.13\byte-buddy-1.14.13.jar;C:\Users\LUIS\.m2\repository\org\glassfish\jaxb\jaxb-runtime\4.0.5\jaxb-runtime-4.0.5.jar;C:\Users\LUIS\.m2\repository\org\glassfish\jaxb\jaxb-core\4.0.5\jaxb-core-4.0.5.jar;C:\Users\LUIS\.m2\repository\org\glassfish\jaxb\txw2\4.0.5\txw2-4.0.5.jar;C:\Users\LUIS\.m2\repository\com\sun\istack\istack-commons-runtime\4.1.2\istack-commons-runtime-4.1.2.jar;C:\Users\LUIS\.m2\repository\jakarta\inject\jakarta.inject-api\2.0.1\jakarta.inject-api-2.0.1.jar;C:\Users\LUIS\.m2\repository\org\antlr\antlr4-runtime\4.13.0\antlr4-runtime-4.13.0.jar;C:\Users\LUIS\.m2\repository\org\springframework\data\spring-data-jpa\3.2.5\spring-data-jpa-3.2.5.jar;C:\Users\LUIS\.m2\repository\org\springframework\data\spring-data-commons\3.2.5\spring-data-commons-3.2.5.jar;C:\Users\LUIS\.m2\repository\org\springframework\spring-orm\6.1.6\spring-orm-6.1.6.jar;C:\Users\LUIS\.m2\repository\org\springframework\spring-context\6.1.6\spring-context-6.1.6.jar;C:\Users\LUIS\.m2\repository\org\springframework\spring-tx\6.1.6\spring-tx-6.1.6.jar;C:\Users\LUIS\.m2\repository\org\springframework\spring-beans\6.1.6\spring-beans-6.1.6.jar;C:\Users\LUIS\.m2\repository\jakarta\annotation\jakarta.annotation-api\2.1.1\jakarta.annotation-api-2.1.1.jar;C:\Users\LUIS\.m2\repository\org\slf4j\slf4j-api\2.0.13\slf4j-api-2.0.13.jar;C:\Users\LUIS\.m2\repository\org\springframework\spring-aspects\6.1.6\spring-aspects-6.1.6.jar;C:\Users\LUIS\.m2\repository\org\springframework\boot\spring-boot-starter-security\3.2.5\spring-boot-starter-security-3.2.5.jar;C:\Users\LUIS\.m2\repository\org\springframework\boot\spring-boot-starter\3.2.5\spring-boot-starter-3.2.5.jar;C:\Users\LUIS\.m2\repository\org\springframework\boot\spring-boot\3.2.5\spring-boot-3.2.5.jar;C:\Users\LUIS\.m2\repository\org\springframework\boot\spring-boot-autoconfigure\3.2.5\spring-boot-autoconfigure-3.2.5.jar;C:\Users\LUIS\.m2\repository\org\springframework\boot\spring-boot-starter-logging\3.2.5\spring-boot-starter-logging-3.2.5.jar;C:\Users\LUIS\.m2\repository\ch\qos\logback\logback-classic\1.4.14\logback-classic-1.4.14.jar;C:\Users\LUIS\.m2\repository\ch\qos\logback\logback-core\1.4.14\logback-core-1.4.14.jar;C:\Users\LUIS\.m2\repository\org\apache\logging\log4j\log4j-to-slf4j\2.21.1\log4j-to-slf4j-2.21.1.jar;C:\Users\LUIS\.m2\repository\org\apache\logging\log4j\log4j-api\2.21.1\log4j-api-2.21.1.jar;C:\Users\LUIS\.m2\repository\org\slf4j\jul-to-slf4j\2.0.13\jul-to-slf4j-2.0.13.jar;C:\Users\LUIS\.m2\repository\org\yaml\snakeyaml\2.2\snakeyaml-2.2.jar;C:\Users\LUIS\.m2\repository\org\springframework\spring-aop\6.1.6\spring-aop-6.1.6.jar;C:\Users\LUIS\.m2\repository\org\springframework\security\spring-security-config\6.2.4\spring-security-config-6.2.4.jar;C:\Users\LUIS\.m2\repository\org\springframework\security\spring-security-web\6.2.4\spring-security-web-6.2.4.jar;C:\Users\LUIS\.m2\repository\org\springframework\spring-expression\6.1.6\spring-expression-6.1.6.jar;C:\Users\LUIS\.m2\repository\org\springframework\boot\spring-boot-starter-validation\3.2.5\spring-boot-starter-validation-3.2.5.jar;C:\Users\LUIS\.m2\repository\org\apache\tomcat\embed\tomcat-embed-el\10.1.20\tomcat-embed-el-10.1.20.jar;C:\Users\LUIS\.m2\repository\org\hibernate\validator\hibernate-validator\8.0.1.Final\hibernate-validator-8.0.1.Final.jar;C:\Users\LUIS\.m2\repository\jakarta\validation\jakarta.validation-api\3.0.2\jakarta.validation-api-3.0.2.jar;C:\Users\LUIS\.m2\repository\org\springframework\boot\spring-boot-starter-web\3.2.5\spring-boot-starter-web-3.2.5.jar;C:\Users\LUIS\.m2\repository\org\springframework\boot\spring-boot-starter-json\3.2.5\spring-boot-starter-json-3.2.5.jar;C:\Users\LUIS\.m2\repository\com\fasterxml\jackson\datatype\jackson-datatype-jdk8\2.15.4\jackson-datatype-jdk8-2.15.4.jar;C:\Users\LUIS\.m2\repository\com\fasterxml\jackson\datatype\jackson-datatype-jsr310\2.15.4\jackson-datatype-jsr310-2.15.4.jar;C:\Users\LUIS\.m2\repository\com\fasterxml\jackson\module\jackson-module-parameter-names\2.15.4\jackson-module-parameter-names-2.15.4.jar;C:\Users\LUIS\.m2\repository\org\springframework\boot\spring-boot-starter-tomcat\3.2.5\spring-boot-starter-tomcat-3.2.5.jar;C:\Users\LUIS\.m2\repository\org\apache\tomcat\embed\tomcat-embed-core\10.1.20\tomcat-embed-core-10.1.20.jar;C:\Users\LUIS\.m2\repository\org\apache\tomcat\embed\tomcat-embed-websocket\10.1.20\tomcat-embed-websocket-10.1.20.jar;C:\Users\LUIS\.m2\repository\org\springframework\spring-web\6.1.6\spring-web-6.1.6.jar;C:\Users\LUIS\.m2\repository\io\micrometer\micrometer-observation\1.12.5\micrometer-observation-1.12.5.jar;C:\Users\LUIS\.m2\repository\io\micrometer\micrometer-commons\1.12.5\micrometer-commons-1.12.5.jar;C:\Users\LUIS\.m2\repository\org\springframework\spring-webmvc\6.1.6\spring-webmvc-6.1.6.jar;C:\Users\LUIS\.m2\repository\org\springframework\boot\spring-boot-starter-websocket\3.2.5\spring-boot-starter-websocket-3.2.5.jar;C:\Users\LUIS\.m2\repository\org\springframework\spring-messaging\6.1.6\spring-messaging-6.1.6.jar;C:\Users\LUIS\.m2\repository\org\springframework\spring-websocket\6.1.6\spring-websocket-6.1.6.jar;C:\Users\LUIS\.m2\repository\org\postgresql\postgresql\42.6.2\postgresql-42.6.2.jar;C:\Users\LUIS\.m2\repository\org\checkerframework\checker-qual\3.31.0\checker-qual-3.31.0.jar;C:\Users\LUIS\.m2\repository\org\projectlombok\lombok\1.18.32\lombok-1.18.32.jar;C:\Users\LUIS\.m2\repository\org\springframework\boot\spring-boot-starter-test\3.2.5\spring-boot-starter-test-3.2.5.jar;C:\Users\LUIS\.m2\repository\org\springframework\boot\spring-boot-test\3.2.5\spring-boot-test-3.2.5.jar;C:\Users\LUIS\.m2\repository\org\springframework\boot\spring-boot-test-autoconfigure\3.2.5\spring-boot-test-autoconfigure-3.2.5.jar;C:\Users\LUIS\.m2\repository\com\jayway\jsonpath\json-path\2.9.0\json-path-2.9.0.jar;C:\Users\LUIS\.m2\repository\jakarta\xml\bind\jakarta.xml.bind-api\4.0.2\jakarta.xml.bind-api-4.0.2.jar;C:\Users\LUIS\.m2\repository\jakarta\activation\jakarta.activation-api\2.1.3\jakarta.activation-api-2.1.3.jar;C:\Users\LUIS\.m2\repository\net\minidev\json-smart\2.5.1\json-smart-2.5.1.jar;C:\Users\LUIS\.m2\repository\net\minidev\accessors-smart\2.5.1\accessors-smart-2.5.1.jar;C:\Users\LUIS\.m2\repository\org\ow2\asm\asm\9.6\asm-9.6.jar;C:\Users\LUIS\.m2\repository\org\assertj\assertj-core\3.24.2\assertj-core-3.24.2.jar;C:\Users\LUIS\.m2\repository\org\awaitility\awaitility\4.2.1\awaitility-4.2.1.jar;C:\Users\LUIS\.m2\repository\org\hamcrest\hamcrest\2.2\hamcrest-2.2.jar;C:\Users\LUIS\.m2\repository\org\junit\jupiter\junit-jupiter\5.10.2\junit-jupiter-5.10.2.jar;C:\Users\LUIS\.m2\repository\org\junit\jupiter\junit-jupiter-api\5.10.2\junit-jupiter-api-5.10.2.jar;C:\Users\LUIS\.m2\repository\org\opentest4j\opentest4j\1.3.0\opentest4j-1.3.0.jar;C:\Users\LUIS\.m2\repository\org\junit\platform\junit-platform-commons\1.10.2\junit-platform-commons-1.10.2.jar;C:\Users\LUIS\.m2\repository\org\apiguardian\apiguardian-api\1.1.2\apiguardian-api-1.1.2.jar;C:\Users\LUIS\.m2\repository\org\junit\jupiter\junit-jupiter-params\5.10.2\junit-jupiter-params-5.10.2.jar;C:\Users\LUIS\.m2\repository\org\junit\jupiter\junit-jupiter-engine\5.10.2\junit-jupiter-engine-5.10.2.jar;C:\Users\LUIS\.m2\repository\org\junit\platform\junit-platform-engine\1.10.2\junit-platform-engine-1.10.2.jar;C:\Users\LUIS\.m2\repository\org\mockito\mockito-core\5.7.0\mockito-core-5.7.0.jar;C:\Users\LUIS\.m2\repository\net\bytebuddy\byte-buddy-agent\1.14.13\byte-buddy-agent-1.14.13.jar;C:\Users\LUIS\.m2\repository\org\objenesis\objenesis\3.3\objenesis-3.3.jar;C:\Users\LUIS\.m2\repository\org\mockito\mockito-junit-jupiter\5.7.0\mockito-junit-jupiter-5.7.0.jar;C:\Users\LUIS\.m2\repository\org\skyscreamer\jsonassert\1.5.1\jsonassert-1.5.1.jar;C:\Users\LUIS\.m2\repository\com\vaadin\external\google\android-json\0.0.20131108.vaadin1\android-json-0.0.20131108.vaadin1.jar;C:\Users\LUIS\.m2\repository\org\springframework\spring-core\6.1.6\spring-core-6.1.6.jar;C:\Users\LUIS\.m2\repository\org\springframework\spring-jcl\6.1.6\spring-jcl-6.1.6.jar;C:\Users\LUIS\.m2\repository\org\springframework\spring-test\6.1.6\spring-test-6.1.6.jar;C:\Users\LUIS\.m2\repository\org\xmlunit\xmlunit-core\2.9.1\xmlunit-core-2.9.1.jar;C:\Users\LUIS\.m2\repository\org\springframework\security\spring-security-test\6.2.4\spring-security-test-6.2.4.jar;C:\Users\LUIS\.m2\repository\org\springframework\security\spring-security-core\6.2.4\spring-security-core-6.2.4.jar;C:\Users\LUIS\.m2\repository\org\springframework\security\spring-security-crypto\6.2.4\spring-security-crypto-6.2.4.jar;C:\Users\LUIS\.m2\repository\org\springframework\boot\spring-boot-starter-mail\3.1.5\spring-boot-starter-mail-3.1.5.jar;C:\Users\LUIS\.m2\repository\org\springframework\spring-context-support\6.1.6\spring-context-support-6.1.6.jar;C:\Users\LUIS\.m2\repository\org\eclipse\angus\jakarta.mail\2.0.3\jakarta.mail-2.0.3.jar;C:\Users\LUIS\.m2\repository\org\eclipse\angus\angus-activation\2.0.2\angus-activation-2.0.2.jar;C:\Users\LUIS\.m2\repository\com\auth0\java-jwt\4.4.0\java-jwt-4.4.0.jar;C:\Users\LUIS\.m2\repository\com\fasterxml\jackson\core\jackson-databind\2.15.4\jackson-databind-2.15.4.jar;C:\Users\LUIS\.m2\repository\com\fasterxml\jackson\core\jackson-annotations\2.15.4\jackson-annotations-2.15.4.jar;C:\Users\LUIS\.m2\repository\com\fasterxml\jackson\core\jackson-core\2.15.4\jackson-core-2.15.4.jar;"/>
    <property name="sun.cpu.endian" value="little"/>
    <property name="user.home" value="C:\Users\LUIS"/>
    <property name="user.language" value="es"/>
    <property name="java.specification.vendor" value="Oracle Corporation"/>
    <property name="java.version.date" value="2023-10-17"/>
    <property name="java.home" value="C:\jdk"/>
    <property name="file.separator" value="\"/>
    <property name="basedir" value="C:\workspace\iMechanic-Project\iMechanic-project-backend"/>
    <property name="java.vm.compressedOopsMode" value="Zero based"/>
    <property name="line.separator" value="&#10;"/>
    <property name="java.vm.specification.vendor" value="Oracle Corporation"/>
    <property name="java.specification.name" value="Java Platform API Specification"/>
    <property name="FILE_LOG_CHARSET" value="UTF-8"/>
    <property name="java.awt.headless" value="true"/>
    <property name="surefire.real.class.path" value="C:\Users\LUIS\AppData\Local\Temp\surefire18058330807323504517\surefirebooter-20240506170152378_3.jar"/>
    <property name="user.script" value=""/>
    <property name="sun.management.compiler" value="HotSpot 64-Bit Tiered Compilers"/>
    <property name="java.runtime.version" value="21.0.1+12-LTS-29"/>
    <property name="user.name" value="LUIS"/>
    <property name="stdout.encoding" value="Cp1252"/>
    <property name="path.separator" value=";"/>
    <property name="os.version" value="10.0"/>
    <property name="java.runtime.name" value="Java(TM) SE Runtime Environment"/>
    <property name="file.encoding" value="UTF-8"/>
    <property name="java.vm.name" value="Java HotSpot(TM) 64-Bit Server VM"/>
    <property name="localRepository" value="C:\Users\LUIS\.m2\repository"/>
    <property name="java.vendor.url.bug" value="https://bugreport.java.com/bugreport/"/>
    <property name="java.io.tmpdir" value="C:\Users\LUIS\AppData\Local\Temp\"/>
    <property name="idea.version" value="2023.2.3"/>
    <property name="com.zaxxer.hikari.pool_number" value="1"/>
    <property name="java.version" value="21.0.1"/>
    <property name="user.dir" value="C:\workspace\iMechanic-Project\iMechanic-project-backend"/>
    <property name="os.arch" value="amd64"/>
    <property name="java.vm.specification.name" value="Java Virtual Machine Specification"/>
    <property name="PID" value="1796"/>
    <property name="sun.os.patch.level" value=""/>
    <property name="CONSOLE_LOG_CHARSET" value="UTF-8"/>
    <property name="native.encoding" value="Cp1252"/>
    <property name="java.library.path" value="C:\jdk\bin;C:\WINDOWS\Sun\Java\bin;C:\WINDOWS\system32;C:\WINDOWS;C:\Program Files\Common Files\Oracle\Java\javapath;C:\Program Files (x86)\Common Files\Oracle\Java\java8path;C:\Program Files (x86)\Common Files\Oracle\Java\javapath;C:\app\LUIS\product\11.2.0\dbhome_1\bin;C:\app\LUIS\product\11.2.0\dbhome_2\bin;C:\WINDOWS\system32;C:\WINDOWS;C:\WINDOWS\System32\Wbem;C:\WINDOWS\System32\WindowsPowerShell\v1.0\;C:\WINDOWS\System32\OpenSSH\;C:\xampp\php;C:\Program Files (x86)\dotnet\;C:\ProgramData\chocolatey\bin;C:\Program Files\Maven\apache-maven-3.8.8\bin;C:\jdk\bin;C:\Program Files\MongoDB\Server\7.0\bin;C:\mongosh\mongosh-2.0.2-win32-x64\bin;%HADOOP_HOME%\bin;C:\Users\LUIS\Downloads\mingw64\bin;C:\Program Files\nodejs\;C:\Program Files\Git\cmd;C:\Program Files\OpenSSL-Win64\bin;C:\Program Files\dotnet\;C:\Program Files (x86)\Microsoft SQL Server\160\DTS\Binn\;C:\Program Files (x86)\Microsoft SQL Server\160\Tools\Binn\;C:\Program Files\Microsoft SQL Server\160\Tools\Binn\;C:\Program Files\Microsoft SQL Server\Client SDK\ODBC\170\Tools\Binn\;C:\Program Files\Microsoft SQL Server\160\DTS\Binn\;C:\Program Files\Microsoft SQL Server\150\Tools\Binn\;C:\Program Files\Microsoft SQL Server\130\DTS\Binn\;C:\Program Files\Microsoft SQL Server\140\DTS\Binn\;C:\Program Files\Microsoft SQL Server\150\DTS\Binn\;C:\Program Files\Docker\Docker\resources\bin;C:\gradle\gradle-8.7\bin;C:\Users\LUIS\AppData\Local\Programs\Python\Python312\Scripts\;C:\Users\LUIS\AppData\Local\Programs\Python\Python312\;C:\Program Files\MySQL\MySQL Shell 8.0\bin\;C:\Users\LUIS\AppData\Local\Microsoft\WindowsApps;C:\Users\LUIS\AppData\Local\Programs\Microsoft VS Code\bin;C:\Users\LUIS\AppData\Local\Programs\oh-my-posh\bin;C:\Users\LUIS\AppData\Roaming\npm;."/>
    <property name="java.vm.info" value="mixed mode, sharing"/>
    <property name="stderr.encoding" value="Cp1252"/>
    <property name="java.vendor" value="Oracle Corporation"/>
    <property name="java.vm.version" value="21.0.1+12-LTS-29"/>
    <property name="sun.io.unicode.encoding" value="UnicodeLittle"/>
    <property name="java.class.version" value="65.0"/>
    <property name="LOGGED_APPLICATION_NAME" value="[iMechanic-project-backend] "/>
  </properties>
  <testcase name="contextLoads" classname="com.imechanic.backend.project.IMechanicProjectBackendApplicationTests" time="1.247">
    <system-out><![CDATA[17:01:54.491 [main] INFO org.springframework.test.context.support.AnnotationConfigContextLoaderUtils -- Could not detect default configuration classes for test class [com.imechanic.backend.project.IMechanicProjectBackendApplicationTests]: IMechanicProjectBackendApplicationTests does not declare any static, non-private, non-final, nested classes annotated with @Configuration.
17:01:54.732 [main] INFO org.springframework.boot.test.context.SpringBootTestContextBootstrapper -- Found @SpringBootConfiguration com.imechanic.backend.project.IMechanicProjectBackendApplication for test class com.imechanic.backend.project.IMechanicProjectBackendApplicationTests

  .   ____          _            __ _ _
 /\\ / ___'_ __ _ _(_)_ __  __ _ \ \ \ \
( ( )\___ | '_ | '_| | '_ \/ _` | \ \ \ \
 \\/  ___)| |_)| | | | | || (_| |  ) ) ) )
  '  |____| .__|_| |_|_| |_\__, | / / / /
 =========|_|==============|___/=/_/_/_/
 :: Spring Boot ::                (v3.2.5)

2024-05-06T17:01:55.666-05:00  INFO 1796 --- [iMechanic-project-backend] [           main] .IMechanicProjectBackendApplicationTests : Starting IMechanicProjectBackendApplicationTests using Java 21.0.1 with PID 1796 (started by LUIS in C:\workspace\iMechanic-Project\iMechanic-project-backend)
2024-05-06T17:01:55.669-05:00  INFO 1796 --- [iMechanic-project-backend] [           main] .IMechanicProjectBackendApplicationTests : No active profile set, falling back to 1 default profile: "default"
2024-05-06T17:01:57.637-05:00  INFO 1796 --- [iMechanic-project-backend] [           main] .s.d.r.c.RepositoryConfigurationDelegate : Bootstrapping Spring Data JPA repositories in DEFAULT mode.
2024-05-06T17:01:57.888-05:00  INFO 1796 --- [iMechanic-project-backend] [           main] .s.d.r.c.RepositoryConfigurationDelegate : Finished Spring Data repository scanning in 220 ms. Found 11 JPA repository interfaces.
2024-05-06T17:01:59.498-05:00  INFO 1796 --- [iMechanic-project-backend] [           main] o.hibernate.jpa.internal.util.LogHelper  : HHH000204: Processing PersistenceUnitInfo [name: default]
2024-05-06T17:01:59.666-05:00  INFO 1796 --- [iMechanic-project-backend] [           main] org.hibernate.Version                    : HHH000412: Hibernate ORM core version 6.4.4.Final
2024-05-06T17:01:59.747-05:00  INFO 1796 --- [iMechanic-project-backend] [           main] o.h.c.internal.RegionFactoryInitiator    : HHH000026: Second-level cache disabled
2024-05-06T17:02:00.545-05:00  INFO 1796 --- [iMechanic-project-backend] [           main] o.s.o.j.p.SpringPersistenceUnitInfo      : No LoadTimeWeaver setup: ignoring JPA class transformer
2024-05-06T17:02:00.603-05:00  INFO 1796 --- [iMechanic-project-backend] [           main] com.zaxxer.hikari.HikariDataSource       : HikariPool-1 - Starting...
2024-05-06T17:02:01.154-05:00  INFO 1796 --- [iMechanic-project-backend] [           main] com.zaxxer.hikari.pool.HikariPool        : HikariPool-1 - Added connection org.postgresql.jdbc.PgConnection@2b395581
2024-05-06T17:02:01.157-05:00  INFO 1796 --- [iMechanic-project-backend] [           main] com.zaxxer.hikari.HikariDataSource       : HikariPool-1 - Start completed.
2024-05-06T17:02:01.248-05:00  WARN 1796 --- [iMechanic-project-backend] [           main] org.hibernate.orm.deprecation            : HHH90000025: PostgreSQLDialect does not need to be specified explicitly using 'hibernate.dialect' (remove the property setting and it will be selected by default)
2024-05-06T17:02:04.483-05:00  INFO 1796 --- [iMechanic-project-backend] [           main] o.h.e.t.j.p.i.JtaPlatformInitiator       : HHH000489: No JTA platform available (set 'hibernate.transaction.jta.platform' to enable JTA platform integration)
2024-05-06T17:02:04.516-05:00  WARN 1796 --- [iMechanic-project-backend] [           main] o.h.engine.jdbc.spi.SqlExceptionHelper   : SQL Warning Code: 0, SQLState: 00000
2024-05-06T17:02:04.517-05:00  WARN 1796 --- [iMechanic-project-backend] [           main] o.h.engine.jdbc.spi.SqlExceptionHelper   : no existe la relación «cliente», omitiendo
2024-05-06T17:02:04.518-05:00  WARN 1796 --- [iMechanic-project-backend] [           main] o.h.engine.jdbc.spi.SqlExceptionHelper   : SQL Warning Code: 0, SQLState: 00000
2024-05-06T17:02:04.518-05:00  WARN 1796 --- [iMechanic-project-backend] [           main] o.h.engine.jdbc.spi.SqlExceptionHelper   : no existe la relación «cuenta_servicios», omitiendo
2024-05-06T17:02:04.519-05:00  WARN 1796 --- [iMechanic-project-backend] [           main] o.h.engine.jdbc.spi.SqlExceptionHelper   : SQL Warning Code: 0, SQLState: 00000
2024-05-06T17:02:04.519-05:00  WARN 1796 --- [iMechanic-project-backend] [           main] o.h.engine.jdbc.spi.SqlExceptionHelper   : no existe la relación «cuenta_servicios», omitiendo
2024-05-06T17:02:04.520-05:00  WARN 1796 --- [iMechanic-project-backend] [           main] o.h.engine.jdbc.spi.SqlExceptionHelper   : SQL Warning Code: 0, SQLState: 00000
2024-05-06T17:02:04.520-05:00  WARN 1796 --- [iMechanic-project-backend] [           main] o.h.engine.jdbc.spi.SqlExceptionHelper   : no existe la relación «mecanico», omitiendo
2024-05-06T17:02:04.521-05:00  WARN 1796 --- [iMechanic-project-backend] [           main] o.h.engine.jdbc.spi.SqlExceptionHelper   : SQL Warning Code: 0, SQLState: 00000
2024-05-06T17:02:04.522-05:00  WARN 1796 --- [iMechanic-project-backend] [           main] o.h.engine.jdbc.spi.SqlExceptionHelper   : no existe la relación «mecanico_servicios», omitiendo
2024-05-06T17:02:04.522-05:00  WARN 1796 --- [iMechanic-project-backend] [           main] o.h.engine.jdbc.spi.SqlExceptionHelper   : SQL Warning Code: 0, SQLState: 00000
2024-05-06T17:02:04.523-05:00  WARN 1796 --- [iMechanic-project-backend] [           main] o.h.engine.jdbc.spi.SqlExceptionHelper   : no existe la relación «mecanico_servicios», omitiendo
2024-05-06T17:02:04.524-05:00  WARN 1796 --- [iMechanic-project-backend] [           main] o.h.engine.jdbc.spi.SqlExceptionHelper   : SQL Warning Code: 0, SQLState: 00000
2024-05-06T17:02:04.524-05:00  WARN 1796 --- [iMechanic-project-backend] [           main] o.h.engine.jdbc.spi.SqlExceptionHelper   : no existe la relación «mensaje_chat», omitiendo
2024-05-06T17:02:04.525-05:00  WARN 1796 --- [iMechanic-project-backend] [           main] o.h.engine.jdbc.spi.SqlExceptionHelper   : SQL Warning Code: 0, SQLState: 00000
2024-05-06T17:02:04.525-05:00  WARN 1796 --- [iMechanic-project-backend] [           main] o.h.engine.jdbc.spi.SqlExceptionHelper   : no existe la relación «mensaje_chat», omitiendo
2024-05-06T17:02:04.526-05:00  WARN 1796 --- [iMechanic-project-backend] [           main] o.h.engine.jdbc.spi.SqlExceptionHelper   : SQL Warning Code: 0, SQLState: 00000
2024-05-06T17:02:04.526-05:00  WARN 1796 --- [iMechanic-project-backend] [           main] o.h.engine.jdbc.spi.SqlExceptionHelper   : no existe la relación «mensaje_chat», omitiendo
2024-05-06T17:02:04.527-05:00  WARN 1796 --- [iMechanic-project-backend] [           main] o.h.engine.jdbc.spi.SqlExceptionHelper   : SQL Warning Code: 0, SQLState: 00000
2024-05-06T17:02:04.527-05:00  WARN 1796 --- [iMechanic-project-backend] [           main] o.h.engine.jdbc.spi.SqlExceptionHelper   : no existe la relación «modelo», omitiendo
2024-05-06T17:02:04.528-05:00  WARN 1796 --- [iMechanic-project-backend] [           main] o.h.engine.jdbc.spi.SqlExceptionHelper   : SQL Warning Code: 0, SQLState: 00000
2024-05-06T17:02:04.528-05:00  WARN 1796 --- [iMechanic-project-backend] [           main] o.h.engine.jdbc.spi.SqlExceptionHelper   : no existe la relación «orden_trabajo», omitiendo
2024-05-06T17:02:04.530-05:00  WARN 1796 --- [iMechanic-project-backend] [           main] o.h.engine.jdbc.spi.SqlExceptionHelper   : SQL Warning Code: 0, SQLState: 00000
2024-05-06T17:02:04.530-05:00  WARN 1796 --- [iMechanic-project-backend] [           main] o.h.engine.jdbc.spi.SqlExceptionHelper   : no existe la relación «paso», omitiendo
2024-05-06T17:02:04.531-05:00  WARN 1796 --- [iMechanic-project-backend] [           main] o.h.engine.jdbc.spi.SqlExceptionHelper   : SQL Warning Code: 0, SQLState: 00000
2024-05-06T17:02:04.531-05:00  WARN 1796 --- [iMechanic-project-backend] [           main] o.h.engine.jdbc.spi.SqlExceptionHelper   : no existe la relación «sala_chat», omitiendo
2024-05-06T17:02:04.532-05:00  WARN 1796 --- [iMechanic-project-backend] [           main] o.h.engine.jdbc.spi.SqlExceptionHelper   : SQL Warning Code: 0, SQLState: 00000
2024-05-06T17:02:04.532-05:00  WARN 1796 --- [iMechanic-project-backend] [           main] o.h.engine.jdbc.spi.SqlExceptionHelper   : no existe la relación «sala_chat», omitiendo
2024-05-06T17:02:04.533-05:00  WARN 1796 --- [iMechanic-project-backend] [           main] o.h.engine.jdbc.spi.SqlExceptionHelper   : SQL Warning Code: 0, SQLState: 00000
2024-05-06T17:02:04.534-05:00  WARN 1796 --- [iMechanic-project-backend] [           main] o.h.engine.jdbc.spi.SqlExceptionHelper   : no existe la relación «servicio_mecanico», omitiendo
2024-05-06T17:02:04.534-05:00  WARN 1796 --- [iMechanic-project-backend] [           main] o.h.engine.jdbc.spi.SqlExceptionHelper   : SQL Warning Code: 0, SQLState: 00000
2024-05-06T17:02:04.535-05:00  WARN 1796 --- [iMechanic-project-backend] [           main] o.h.engine.jdbc.spi.SqlExceptionHelper   : no existe la relación «servicio_mecanico», omitiendo
2024-05-06T17:02:04.535-05:00  WARN 1796 --- [iMechanic-project-backend] [           main] o.h.engine.jdbc.spi.SqlExceptionHelper   : SQL Warning Code: 0, SQLState: 00000
2024-05-06T17:02:04.536-05:00  WARN 1796 --- [iMechanic-project-backend] [           main] o.h.engine.jdbc.spi.SqlExceptionHelper   : no existe la relación «servicio_mecanico», omitiendo
2024-05-06T17:02:04.537-05:00  WARN 1796 --- [iMechanic-project-backend] [           main] o.h.engine.jdbc.spi.SqlExceptionHelper   : SQL Warning Code: 0, SQLState: 00000
2024-05-06T17:02:04.537-05:00  WARN 1796 --- [iMechanic-project-backend] [           main] o.h.engine.jdbc.spi.SqlExceptionHelper   : no existe la relación «taller», omitiendo
2024-05-06T17:02:04.538-05:00  WARN 1796 --- [iMechanic-project-backend] [           main] o.h.engine.jdbc.spi.SqlExceptionHelper   : SQL Warning Code: 0, SQLState: 00000
2024-05-06T17:02:04.538-05:00  WARN 1796 --- [iMechanic-project-backend] [           main] o.h.engine.jdbc.spi.SqlExceptionHelper   : no existe la relación «vehiculo», omitiendo
2024-05-06T17:02:04.539-05:00  WARN 1796 --- [iMechanic-project-backend] [           main] o.h.engine.jdbc.spi.SqlExceptionHelper   : SQL Warning Code: 0, SQLState: 00000
2024-05-06T17:02:04.539-05:00  WARN 1796 --- [iMechanic-project-backend] [           main] o.h.engine.jdbc.spi.SqlExceptionHelper   : no existe la relación «vehiculo», omitiendo
2024-05-06T17:02:04.540-05:00  WARN 1796 --- [iMechanic-project-backend] [           main] o.h.engine.jdbc.spi.SqlExceptionHelper   : SQL Warning Code: 0, SQLState: 00000
2024-05-06T17:02:04.540-05:00  WARN 1796 --- [iMechanic-project-backend] [           main] o.h.engine.jdbc.spi.SqlExceptionHelper   : no existe la relación «vehiculo», omitiendo
2024-05-06T17:02:04.541-05:00  WARN 1796 --- [iMechanic-project-backend] [           main] o.h.engine.jdbc.spi.SqlExceptionHelper   : SQL Warning Code: 0, SQLState: 00000
2024-05-06T17:02:04.542-05:00  WARN 1796 --- [iMechanic-project-backend] [           main] o.h.engine.jdbc.spi.SqlExceptionHelper   : la tabla «cliente» no existe, omitiendo
2024-05-06T17:02:04.542-05:00  WARN 1796 --- [iMechanic-project-backend] [           main] o.h.engine.jdbc.spi.SqlExceptionHelper   : SQL Warning Code: 0, SQLState: 00000
2024-05-06T17:02:04.543-05:00  WARN 1796 --- [iMechanic-project-backend] [           main] o.h.engine.jdbc.spi.SqlExceptionHelper   : la tabla «cuenta» no existe, omitiendo
2024-05-06T17:02:04.543-05:00  WARN 1796 --- [iMechanic-project-backend] [           main] o.h.engine.jdbc.spi.SqlExceptionHelper   : SQL Warning Code: 0, SQLState: 00000
2024-05-06T17:02:04.543-05:00  WARN 1796 --- [iMechanic-project-backend] [           main] o.h.engine.jdbc.spi.SqlExceptionHelper   : la tabla «cuenta_servicios» no existe, omitiendo
2024-05-06T17:02:04.544-05:00  WARN 1796 --- [iMechanic-project-backend] [           main] o.h.engine.jdbc.spi.SqlExceptionHelper   : SQL Warning Code: 0, SQLState: 00000
2024-05-06T17:02:04.545-05:00  WARN 1796 --- [iMechanic-project-backend] [           main] o.h.engine.jdbc.spi.SqlExceptionHelper   : la tabla «marca» no existe, omitiendo
2024-05-06T17:02:04.546-05:00  WARN 1796 --- [iMechanic-project-backend] [           main] o.h.engine.jdbc.spi.SqlExceptionHelper   : SQL Warning Code: 0, SQLState: 00000
2024-05-06T17:02:04.546-05:00  WARN 1796 --- [iMechanic-project-backend] [           main] o.h.engine.jdbc.spi.SqlExceptionHelper   : la tabla «mecanico» no existe, omitiendo
2024-05-06T17:02:04.548-05:00  WARN 1796 --- [iMechanic-project-backend] [           main] o.h.engine.jdbc.spi.SqlExceptionHelper   : SQL Warning Code: 0, SQLState: 00000
2024-05-06T17:02:04.548-05:00  WARN 1796 --- [iMechanic-project-backend] [           main] o.h.engine.jdbc.spi.SqlExceptionHelper   : la tabla «mecanico_servicios» no existe, omitiendo
2024-05-06T17:02:04.549-05:00  WARN 1796 --- [iMechanic-project-backend] [           main] o.h.engine.jdbc.spi.SqlExceptionHelper   : SQL Warning Code: 0, SQLState: 00000
2024-05-06T17:02:04.549-05:00  WARN 1796 --- [iMechanic-project-backend] [           main] o.h.engine.jdbc.spi.SqlExceptionHelper   : la tabla «mensaje_chat» no existe, omitiendo
2024-05-06T17:02:04.549-05:00  WARN 1796 --- [iMechanic-project-backend] [           main] o.h.engine.jdbc.spi.SqlExceptionHelper   : SQL Warning Code: 0, SQLState: 00000
2024-05-06T17:02:04.550-05:00  WARN 1796 --- [iMechanic-project-backend] [           main] o.h.engine.jdbc.spi.SqlExceptionHelper   : la tabla «modelo» no existe, omitiendo
2024-05-06T17:02:04.551-05:00  WARN 1796 --- [iMechanic-project-backend] [           main] o.h.engine.jdbc.spi.SqlExceptionHelper   : SQL Warning Code: 0, SQLState: 00000
2024-05-06T17:02:04.552-05:00  WARN 1796 --- [iMechanic-project-backend] [           main] o.h.engine.jdbc.spi.SqlExceptionHelper   : la tabla «orden_trabajo» no existe, omitiendo
2024-05-06T17:02:04.554-05:00  WARN 1796 --- [iMechanic-project-backend] [           main] o.h.engine.jdbc.spi.SqlExceptionHelper   : SQL Warning Code: 0, SQLState: 00000
2024-05-06T17:02:04.554-05:00  WARN 1796 --- [iMechanic-project-backend] [           main] o.h.engine.jdbc.spi.SqlExceptionHelper   : la tabla «paso» no existe, omitiendo
2024-05-06T17:02:04.556-05:00  WARN 1796 --- [iMechanic-project-backend] [           main] o.h.engine.jdbc.spi.SqlExceptionHelper   : SQL Warning Code: 0, SQLState: 00000
2024-05-06T17:02:04.556-05:00  WARN 1796 --- [iMechanic-project-backend] [           main] o.h.engine.jdbc.spi.SqlExceptionHelper   : la tabla «sala_chat» no existe, omitiendo
2024-05-06T17:02:04.558-05:00  WARN 1796 --- [iMechanic-project-backend] [           main] o.h.engine.jdbc.spi.SqlExceptionHelper   : SQL Warning Code: 0, SQLState: 00000
2024-05-06T17:02:04.558-05:00  WARN 1796 --- [iMechanic-project-backend] [           main] o.h.engine.jdbc.spi.SqlExceptionHelper   : la tabla «servicio» no existe, omitiendo
2024-05-06T17:02:04.559-05:00  WARN 1796 --- [iMechanic-project-backend] [           main] o.h.engine.jdbc.spi.SqlExceptionHelper   : SQL Warning Code: 0, SQLState: 00000
2024-05-06T17:02:04.560-05:00  WARN 1796 --- [iMechanic-project-backend] [           main] o.h.engine.jdbc.spi.SqlExceptionHelper   : la tabla «servicio_mecanico» no existe, omitiendo
2024-05-06T17:02:04.562-05:00  WARN 1796 --- [iMechanic-project-backend] [           main] o.h.engine.jdbc.spi.SqlExceptionHelper   : SQL Warning Code: 0, SQLState: 00000
2024-05-06T17:02:04.562-05:00  WARN 1796 --- [iMechanic-project-backend] [           main] o.h.engine.jdbc.spi.SqlExceptionHelper   : la tabla «taller» no existe, omitiendo
2024-05-06T17:02:04.563-05:00  WARN 1796 --- [iMechanic-project-backend] [           main] o.h.engine.jdbc.spi.SqlExceptionHelper   : SQL Warning Code: 0, SQLState: 00000
2024-05-06T17:02:04.563-05:00  WARN 1796 --- [iMechanic-project-backend] [           main] o.h.engine.jdbc.spi.SqlExceptionHelper   : la tabla «vehiculo» no existe, omitiendo
2024-05-06T17:02:04.901-05:00  INFO 1796 --- [iMechanic-project-backend] [           main] j.LocalContainerEntityManagerFactoryBean : Initialized JPA EntityManagerFactory for persistence unit 'default'
2024-05-06T17:02:05.806-05:00  INFO 1796 --- [iMechanic-project-backend] [           main] o.s.d.j.r.query.QueryEnhancerFactory     : Hibernate is in classpath; If applicable, HQL parser will be used.
2024-05-06T17:02:07.570-05:00  WARN 1796 --- [iMechanic-project-backend] [           main] JpaBaseConfiguration$JpaWebConfiguration : spring.jpa.open-in-view is enabled by default. Therefore, database queries may be performed during view rendering. Explicitly configure spring.jpa.open-in-view to disable this warning
2024-05-06T17:02:08.507-05:00  INFO 1796 --- [iMechanic-project-backend] [           main] o.s.s.web.DefaultSecurityFilterChain     : Will secure any request with [org.springframework.security.web.session.DisableEncodeUrlFilter@164dfad2, org.springframework.security.web.context.request.async.WebAsyncManagerIntegrationFilter@76480730, org.springframework.security.web.context.SecurityContextHolderFilter@674cd2da, org.springframework.security.web.header.HeaderWriterFilter@214738c1, org.springframework.web.filter.CorsFilter@405a296e, org.springframework.security.web.authentication.logout.LogoutFilter@65c040c9, com.imechanic.backend.project.security.filter.JwtTokenValidator@77198cce, org.springframework.security.web.authentication.www.BasicAuthenticationFilter@4ce66169, org.springframework.security.web.savedrequest.RequestCacheAwareFilter@6b28d4e4, org.springframework.security.web.servletapi.SecurityContextHolderAwareRequestFilter@41cfcbb5, org.springframework.security.web.authentication.AnonymousAuthenticationFilter@e7b7395, org.springframework.security.web.session.SessionManagementFilter@36573ec5, org.springframework.security.web.access.ExceptionTranslationFilter@36deacfc, org.springframework.security.web.access.intercept.AuthorizationFilter@40f40221]
2024-05-06T17:02:09.463-05:00  INFO 1796 --- [iMechanic-project-backend] [           main] o.s.m.s.b.SimpleBrokerMessageHandler     : Starting...
2024-05-06T17:02:09.464-05:00  INFO 1796 --- [iMechanic-project-backend] [           main] o.s.m.s.b.SimpleBrokerMessageHandler     : BrokerAvailabilityEvent[available=true, SimpleBrokerMessageHandler [org.springframework.messaging.simp.broker.DefaultSubscriptionRegistry@2b6c3f70]]
2024-05-06T17:02:09.466-05:00  INFO 1796 --- [iMechanic-project-backend] [           main] o.s.m.s.b.SimpleBrokerMessageHandler     : Started.
2024-05-06T17:02:09.479-05:00  INFO 1796 --- [iMechanic-project-backend] [           main] .IMechanicProjectBackendApplicationTests : Started IMechanicProjectBackendApplicationTests in 14.356 seconds (process running for 16.816)
]]></system-out>
    <system-err><![CDATA[WARNING: A Java agent has been loaded dynamically (C:\Users\LUIS\.m2\repository\net\bytebuddy\byte-buddy-agent\1.14.13\byte-buddy-agent-1.14.13.jar)
WARNING: If a serviceability tool is in use, please run with -XX:+EnableDynamicAgentLoading to hide this warning
WARNING: If a serviceability tool is not in use, please run with -Djdk.instrument.traceUsage for more information
WARNING: Dynamic loading of agents will be disallowed by default in a future release
]]></system-err>
  </testcase>
</testsuite>